[General]
FirstMinTempSavedOn=45486

[HDR]
Simm S950P PRO M.2 256GB (244191 MB)_AA000000000000000502=15
SK hynix PC601 HFS256GD9T (244191 MB)_NS04N554012304B3A=8

[HDW]
Simm S950P PRO M.2 256GB (244191 MB)_AA000000000000000502=148
SK hynix PC601 HFS256GD9T (244191 MB)_NS04N554012304B3A=1

[Sta_Simm S950P PRO M.2 256GB (244191 MB)_AA000000000000000502]
45486=46,44.72,6,100,43,793632
MaxTempEverC=46
MaxTempEverCFound=45486.59619,7/13/2024 2:18:30 PM
MinTempEverC=43
MinTempEverCFound=45486.59271,7/13/2024 2:13:30 PM
MaxTempByDriveC=46
Dates=45486

[CurrentDrives]
DriveList=#0: SK hynix PC601 HFS256GD9T {HPS1} / NS04N554012304B3A (244191 MB)

[Sta_SK hynix PC601 HFS256GD9T (244191 MB)_NS04N554012304B3A]
45491=51,51.00,1,98,0,11607759
MaxTempEverC=51
MaxTempEverCFound=45491.46827,7/18/2024 11:14:18 AM
MinTempEverC=51
MinTempEverCFound=45491.46827,7/18/2024 11:14:18 AM
MaxTempByDriveC=51
Dates=45491

